mode: set
github.com/iaraalfarolutz/test-1/falabella_test1/falabella_ej1.go:19.35,21.2 1 0
github.com/iaraalfarolutz/test-1/falabella_test1/falabella_ej1.go:23.45,25.23 1 1
github.com/iaraalfarolutz/test-1/falabella_test1/falabella_ej1.go:27.3,27.13 1 1
github.com/iaraalfarolutz/test-1/falabella_test1/falabella_ej1.go:25.23,25.70 1 1
github.com/iaraalfarolutz/test-1/falabella_test1/falabella_ej1.go:25.75,26.34 1 1
github.com/iaraalfarolutz/test-1/falabella_test1/falabella_ej1.go:26.34,26.134 1 1
github.com/iaraalfarolutz/test-1/falabella_test1/falabella_ej1.go:31.63,32.27 1 1
github.com/iaraalfarolutz/test-1/falabella_test1/falabella_ej1.go:32.27,32.75 1 1
github.com/iaraalfarolutz/test-1/falabella_test1/falabella_ej1.go:32.80,32.100 1 1
github.com/iaraalfarolutz/test-1/falabella_test1/falabella_ej1.go:36.55,37.80 1 1
github.com/iaraalfarolutz/test-1/falabella_test1/falabella_ej1.go:38.3,39.44 2 1
github.com/iaraalfarolutz/test-1/falabella_test1/falabella_ej1.go:40.3,40.21 1 1
github.com/iaraalfarolutz/test-1/falabella_test1/falabella_ej1.go:37.80,37.98 1 0
github.com/iaraalfarolutz/test-1/falabella_test1/falabella_ej1.go:39.44,39.125 1 1
github.com/iaraalfarolutz/test-1/falabella_test1/falabella_ej1.go:44.54,46.82 2 1
github.com/iaraalfarolutz/test-1/falabella_test1/falabella_ej1.go:47.3,48.17 2 1
github.com/iaraalfarolutz/test-1/falabella_test1/falabella_ej1.go:49.3,49.21 1 1
github.com/iaraalfarolutz/test-1/falabella_test1/falabella_ej1.go:46.82,46.104 1 0
github.com/iaraalfarolutz/test-1/falabella_test1/falabella_ej1.go:48.17,48.79 1 1
github.com/iaraalfarolutz/test-1/falabella_test1/falabella_ej1.go:53.86,54.89 1 1
github.com/iaraalfarolutz/test-1/falabella_test1/falabella_ej1.go:55.3,57.13 3 1
github.com/iaraalfarolutz/test-1/falabella_test1/falabella_ej1.go:54.89,54.105 1 1
github.com/iaraalfarolutz/test-1/falabella_test1/falabella_ej1.go:57.13,59.6 1 1
github.com/iaraalfarolutz/test-1/falabella_test1/falabella_ej1.go:59.11,59.32 1 1
github.com/iaraalfarolutz/test-1/falabella_test1/falabella_ej1.go:62.55,69.17 6 1
github.com/iaraalfarolutz/test-1/falabella_test1/falabella_ej1.go:69.17,69.40 1 1
github.com/iaraalfarolutz/test-1/falabella_test1/falabella_ej1.go:69.45,70.31 1 1
github.com/iaraalfarolutz/test-1/falabella_test1/falabella_ej1.go:77.7,77.28 1 1
github.com/iaraalfarolutz/test-1/falabella_test1/falabella_ej1.go:70.31,71.56 1 1
github.com/iaraalfarolutz/test-1/falabella_test1/falabella_ej1.go:72.9,72.62 1 1
github.com/iaraalfarolutz/test-1/falabella_test1/falabella_ej1.go:73.9,73.84 1 1
github.com/iaraalfarolutz/test-1/falabella_test1/falabella_ej1.go:74.9,75.31 2 1
github.com/iaraalfarolutz/test-1/falabella_test1/falabella_ej1.go:71.56,71.79 1 1
github.com/iaraalfarolutz/test-1/falabella_test1/falabella_ej1.go:72.62,72.85 1 1
github.com/iaraalfarolutz/test-1/falabella_test1/falabella_ej1.go:73.84,73.107 1 1
